Scraped :https://in.finance.yahoo.com/quote/NESTLEIND.NS/news?p=NESTLEIND.NS
Scraped :https://in.finance.yahoo.com/quote/NTPC.NS/news?p=NTPC.NS
Scraped :https://in.finance.yahoo.com/quote/MARUTI.NS/news?p=MARUTI.NS
Scraped :https://in.finance.yahoo.com/quote/BRITANNIA.NS/news?p=BRITANNIA.NS
Scraped :https://in.finance.yahoo.com/quote/TITAN.NS/news?p=TITAN.NS
Scraped :https://in.finance.yahoo.com/quote/COALINDIA.NS/news?p=COALINDIA.NS
Scraped :https://in.finance.yahoo.com/quote/ITC.NS/news?p=ITC.NS
Scraped :https://in.finance.yahoo.com/quote/WIPRO.NS/news?p=WIPRO.NS
Scraped :https://in.finance.yahoo.com/quote/RELIANCE.NS/news?p=RELIANCE.NS
Scraped :https://in.finance.yahoo.com/quote/CIPLA.NS/news?p=CIPLA.NS
Scraped :https://in.finance.yahoo.com/quote/HINDALCO.NS/news?p=HINDALCO.NS
Scraped :https://in.finance.yahoo.com/quote/TCS.NS/news?p=TCS.NS
Scraped :https://in.finance.yahoo.com/quote/SHREECEM.NS/news?p=SHREECEM.NS
Scraped :https://in.finance.yahoo.com/quote/BAJAJ-AUTO.NS/news?p=BAJAJ-AUTO.NS
Scraped :https://in.finance.yahoo.com/quote/TATASTEEL.NS/news?p=TATASTEEL.NS
Scraped :https://in.finance.yahoo.com/quote/BHARTIARTL.NS/news?p=BHARTIARTL.NS
Scraped :https://in.finance.yahoo.com/quote/TECHM.NS/news?p=TECHM.NS
Scraped :https://in.finance.yahoo.com/quote/ULTRACEMCO.NS/news?p=ULTRACEMCO.NS
Scraped :https://in.finance.yahoo.com/quote/INDUSINDBK.NS/news?p=INDUSINDBK.NS
Scraped :https://in.finance.yahoo.com/quote/LT.NS/news?p=LT.NS
Scraped :https://in.finance.yahoo.com/quote/HDFCLIFE.NS/news?p=HDFCLIFE.NS
Scraped :https://in.finance.yahoo.com/quote/BAJFINANCE.NS/news?p=BAJFINANCE.NS
Scraped :https://in.finance.yahoo.com/quote/ICICIBANK.NS/news?p=ICICIBANK.NS
Scraped :https://in.finance.yahoo.com/quote/GRASIM.NS/news?p=GRASIM.NS
Scraped :https://in.finance.yahoo.com/quote/MM.NS/news?p=MM.NS
Scraped :https://in.finance.yahoo.com/quote/GAIL.NS/news?p=GAIL.NS
Scraped :https://in.finance.yahoo.com/quote/BAJAJFINSV.NS/news?p=BAJAJFINSV.NS
Scraped :https://in.finance.yahoo.com/quote/KOTAKBANK.NS/news?p=KOTAKBANK.NS
Scraped :https://in.finance.yahoo.com/quote/HEROMOTOCO.NS/news?p=HEROMOTOCO.NS
Scraped :https://in.finance.yahoo.com/quote/ONGC.NS/news?p=ONGC.NS
Scraped :https://in.finance.yahoo.com/quote/NESTLEIND.NS/news?p=NESTLEIND.NS
Scraped :https://in.finance.yahoo.com/quote/NTPC.NS/news?p=NTPC.NS
Scraped :https://in.finance.yahoo.com/quote/MARUTI.NS/news?p=MARUTI.NS
Scraped :https://in.finance.yahoo.com/quote/BRITANNIA.NS/news?p=BRITANNIA.NS
Scraped :https://in.finance.yahoo.com/quote/TITAN.NS/news?p=TITAN.NS
Scraped :https://in.finance.yahoo.com/quote/COALINDIA.NS/news?p=COALINDIA.NS
Scraped :https://in.finance.yahoo.com/quote/ITC.NS/news?p=ITC.NS
Scraped :https://in.finance.yahoo.com/quote/WIPRO.NS/news?p=WIPRO.NS
Scraped :https://in.finance.yahoo.com/quote/RELIANCE.NS/news?p=RELIANCE.NS
Scraped :https://in.finance.yahoo.com/quote/CIPLA.NS/news?p=CIPLA.NS
Scraped :https://in.finance.yahoo.com/quote/HINDALCO.NS/news?p=HINDALCO.NS
Scraped :https://in.finance.yahoo.com/quote/TCS.NS/news?p=TCS.NS
Scraped :https://in.finance.yahoo.com/quote/SHREECEM.NS/news?p=SHREECEM.NS
Scraped :https://in.finance.yahoo.com/quote/BAJAJ-AUTO.NS/news?p=BAJAJ-AUTO.NS
Scraped :https://in.finance.yahoo.com/quote/TATASTEEL.NS/news?p=TATASTEEL.NS
Scraped :https://in.finance.yahoo.com/quote/BHARTIARTL.NS/news?p=BHARTIARTL.NS
Scraped :https://in.finance.yahoo.com/quote/TECHM.NS/news?p=TECHM.NS
Scraped :https://in.finance.yahoo.com/quote/ULTRACEMCO.NS/news?p=ULTRACEMCO.NS
Scraped :https://in.finance.yahoo.com/quote/INDUSINDBK.NS/news?p=INDUSINDBK.NS
Scraped :https://in.finance.yahoo.com/quote/LT.NS/news?p=LT.NS
Scraped :https://in.finance.yahoo.com/quote/HDFCLIFE.NS/news?p=HDFCLIFE.NS
Scraped :https://in.finance.yahoo.com/quote/BAJFINANCE.NS/news?p=BAJFINANCE.NS
Scraped :https://in.finance.yahoo.com/quote/ICICIBANK.NS/news?p=ICICIBANK.NS
Scraped :https://in.finance.yahoo.com/quote/GRASIM.NS/news?p=GRASIM.NS
Scraped :https://in.finance.yahoo.com/quote/MM.NS/news?p=MM.NS
Scraped :https://in.finance.yahoo.com/quote/GAIL.NS/news?p=GAIL.NS
Scraped :https://in.finance.yahoo.com/quote/BAJAJFINSV.NS/news?p=BAJAJFINSV.NS
Scraped :https://in.finance.yahoo.com/quote/KOTAKBANK.NS/news?p=KOTAKBANK.NS
Scraped :https://in.finance.yahoo.com/quote/HEROMOTOCO.NS/news?p=HEROMOTOCO.NS
Scraped :https://in.finance.yahoo.com/quote/ONGC.NS/news?p=ONGC.NS
Scraped :https://in.finance.yahoo.com/quote/NESTLEIND.NS/news?p=NESTLEIND.NS
Scraped :https://in.finance.yahoo.com/quote/NTPC.NS/news?p=NTPC.NS
Scraped :https://in.finance.yahoo.com/quote/MARUTI.NS/news?p=MARUTI.NS
Scraped :https://in.finance.yahoo.com/quote/BRITANNIA.NS/news?p=BRITANNIA.NS
Scraped :https://in.finance.yahoo.com/quote/TITAN.NS/news?p=TITAN.NS
Scraped :https://in.finance.yahoo.com/quote/COALINDIA.NS/news?p=COALINDIA.NS
Scraped :https://in.finance.yahoo.com/quote/ITC.NS/news?p=ITC.NS
Scraped :https://in.finance.yahoo.com/quote/WIPRO.NS/news?p=WIPRO.NS
Scraped :https://in.finance.yahoo.com/quote/RELIANCE.NS/news?p=RELIANCE.NS
Scraped :https://in.finance.yahoo.com/quote/CIPLA.NS/news?p=CIPLA.NS
Scraped :https://in.finance.yahoo.com/quote/HINDALCO.NS/news?p=HINDALCO.NS
Scraped :https://in.finance.yahoo.com/quote/TCS.NS/news?p=TCS.NS
Scraped :https://in.finance.yahoo.com/quote/SHREECEM.NS/news?p=SHREECEM.NS
Scraped :https://in.finance.yahoo.com/quote/BAJAJ-AUTO.NS/news?p=BAJAJ-AUTO.NS
Scraped :https://in.finance.yahoo.com/quote/TATASTEEL.NS/news?p=TATASTEEL.NS
Scraped :https://in.finance.yahoo.com/quote/BHARTIARTL.NS/news?p=BHARTIARTL.NS
Scraped :https://in.finance.yahoo.com/quote/TECHM.NS/news?p=TECHM.NS
Scraped :https://in.finance.yahoo.com/quote/ULTRACEMCO.NS/news?p=ULTRACEMCO.NS
Scraped :https://in.finance.yahoo.com/quote/INDUSINDBK.NS/news?p=INDUSINDBK.NS
Scraped :https://in.finance.yahoo.com/quote/LT.NS/news?p=LT.NS
Scraped :https://in.finance.yahoo.com/quote/HDFCLIFE.NS/news?p=HDFCLIFE.NS
Scraped :https://in.finance.yahoo.com/quote/BAJFINANCE.NS/news?p=BAJFINANCE.NS
Scraped :https://in.finance.yahoo.com/quote/ICICIBANK.NS/news?p=ICICIBANK.NS
Scraped :https://in.finance.yahoo.com/quote/GRASIM.NS/news?p=GRASIM.NS
Scraped :https://in.finance.yahoo.com/quote/MM.NS/news?p=MM.NS
Scraped :https://in.finance.yahoo.com/quote/GAIL.NS/news?p=GAIL.NS
Scraped :https://in.finance.yahoo.com/quote/BAJAJFINSV.NS/news?p=BAJAJFINSV.NS
Scraped :https://in.finance.yahoo.com/quote/KOTAKBANK.NS/news?p=KOTAKBANK.NS
Scraped :https://in.finance.yahoo.com/quote/HEROMOTOCO.NS/news?p=HEROMOTOCO.NS
Scraped :https://in.finance.yahoo.com/quote/ONGC.NS/news?p=ONGC.NS
Scraped :https://in.finance.yahoo.com/quote/NESTLEIND.NS/news?p=NESTLEIND.NS
Scraped :https://in.finance.yahoo.com/quote/NTPC.NS/news?p=NTPC.NS
Scraped :https://in.finance.yahoo.com/quote/MARUTI.NS/news?p=MARUTI.NS
Scraped :https://in.finance.yahoo.com/quote/BRITANNIA.NS/news?p=BRITANNIA.NS
Scraped :https://in.finance.yahoo.com/quote/TITAN.NS/news?p=TITAN.NS
Scraped :https://in.finance.yahoo.com/quote/COALINDIA.NS/news?p=COALINDIA.NS
Scraped :https://in.finance.yahoo.com/quote/ITC.NS/news?p=ITC.NS
Scraped :https://in.finance.yahoo.com/quote/WIPRO.NS/news?p=WIPRO.NS
Scraped :https://in.finance.yahoo.com/quote/RELIANCE.NS/news?p=RELIANCE.NS
Scraped :https://in.finance.yahoo.com/quote/CIPLA.NS/news?p=CIPLA.NS
Scraped :https://in.finance.yahoo.com/quote/HINDALCO.NS/news?p=HINDALCO.NS
Scraped :https://in.finance.yahoo.com/quote/TCS.NS/news?p=TCS.NS
Scraped :https://in.finance.yahoo.com/quote/SHREECEM.NS/news?p=SHREECEM.NS
Scraped :https://in.finance.yahoo.com/quote/BAJAJ-AUTO.NS/news?p=BAJAJ-AUTO.NS
Scraped :https://in.finance.yahoo.com/quote/TATASTEEL.NS/news?p=TATASTEEL.NS
Scraped :https://in.finance.yahoo.com/quote/BHARTIARTL.NS/news?p=BHARTIARTL.NS
Scraped :https://in.finance.yahoo.com/quote/TECHM.NS/news?p=TECHM.NS
Scraped :https://in.finance.yahoo.com/quote/ULTRACEMCO.NS/news?p=ULTRACEMCO.NS
Scraped :https://in.finance.yahoo.com/quote/INDUSINDBK.NS/news?p=INDUSINDBK.NS
Scraped :https://in.finance.yahoo.com/quote/LT.NS/news?p=LT.NS
Scraped :https://in.finance.yahoo.com/quote/HDFCLIFE.NS/news?p=HDFCLIFE.NS
Scraped :https://in.finance.yahoo.com/quote/BAJFINANCE.NS/news?p=BAJFINANCE.NS
Scraped :https://in.finance.yahoo.com/quote/ICICIBANK.NS/news?p=ICICIBANK.NS
Scraped :https://in.finance.yahoo.com/quote/GRASIM.NS/news?p=GRASIM.NS
Scraped :https://in.finance.yahoo.com/quote/MM.NS/news?p=MM.NS
Scraped :https://in.finance.yahoo.com/quote/GAIL.NS/news?p=GAIL.NS
Scraped :https://in.finance.yahoo.com/quote/BAJAJFINSV.NS/news?p=BAJAJFINSV.NS
Scraped :https://in.finance.yahoo.com/quote/KOTAKBANK.NS/news?p=KOTAKBANK.NS
Scraped :https://in.finance.yahoo.com/quote/HEROMOTOCO.NS/news?p=HEROMOTOCO.NS
Scraped :https://in.finance.yahoo.com/quote/ONGC.NS/news?p=ONGC.NS
Scraped :https://in.finance.yahoo.com/quote/NESTLEIND.NS/news?p=NESTLEIND.NS
Scraped :https://in.finance.yahoo.com/quote/NTPC.NS/news?p=NTPC.NS
Scraped :https://in.finance.yahoo.com/quote/MARUTI.NS/news?p=MARUTI.NS
Scraped :https://in.finance.yahoo.com/quote/BRITANNIA.NS/news?p=BRITANNIA.NS
Scraped :https://in.finance.yahoo.com/quote/TITAN.NS/news?p=TITAN.NS
Scraped :https://in.finance.yahoo.com/quote/COALINDIA.NS/news?p=COALINDIA.NS
Scraped :https://in.finance.yahoo.com/quote/ITC.NS/news?p=ITC.NS
Scraped :https://in.finance.yahoo.com/quote/WIPRO.NS/news?p=WIPRO.NS
Scraped :https://in.finance.yahoo.com/quote/RELIANCE.NS/news?p=RELIANCE.NS
Scraped :https://in.finance.yahoo.com/quote/CIPLA.NS/news?p=CIPLA.NS
Scraped :https://in.finance.yahoo.com/quote/HINDALCO.NS/news?p=HINDALCO.NS
Scraped :https://in.finance.yahoo.com/quote/TCS.NS/news?p=TCS.NS
Scraped :https://in.finance.yahoo.com/quote/SHREECEM.NS/news?p=SHREECEM.NS
Scraped :https://in.finance.yahoo.com/quote/BAJAJ-AUTO.NS/news?p=BAJAJ-AUTO.NS
Scraped :https://in.finance.yahoo.com/quote/TATASTEEL.NS/news?p=TATASTEEL.NS
Scraped :https://in.finance.yahoo.com/quote/BHARTIARTL.NS/news?p=BHARTIARTL.NS
Scraped :https://in.finance.yahoo.com/quote/TECHM.NS/news?p=TECHM.NS
Scraped :https://in.finance.yahoo.com/quote/ULTRACEMCO.NS/news?p=ULTRACEMCO.NS
Scraped :https://in.finance.yahoo.com/quote/INDUSINDBK.NS/news?p=INDUSINDBK.NS
Scraped :https://in.finance.yahoo.com/quote/LT.NS/news?p=LT.NS
Scraped :https://in.finance.yahoo.com/quote/HDFCLIFE.NS/news?p=HDFCLIFE.NS
Scraped :https://in.finance.yahoo.com/quote/BAJFINANCE.NS/news?p=BAJFINANCE.NS
Scraped :https://in.finance.yahoo.com/quote/ICICIBANK.NS/news?p=ICICIBANK.NS
Scraped :https://in.finance.yahoo.com/quote/GRASIM.NS/news?p=GRASIM.NS
Scraped :https://in.finance.yahoo.com/quote/MM.NS/news?p=MM.NS
Scraped :https://in.finance.yahoo.com/quote/GAIL.NS/news?p=GAIL.NS
Scraped :https://in.finance.yahoo.com/quote/BAJAJFINSV.NS/news?p=BAJAJFINSV.NS
Scraped :https://in.finance.yahoo.com/quote/KOTAKBANK.NS/news?p=KOTAKBANK.NS
Scraped :https://in.finance.yahoo.com/quote/HEROMOTOCO.NS/news?p=HEROMOTOCO.NS
Scraped :https://in.finance.yahoo.com/quote/ONGC.NS/news?p=ONGC.NS
Scraped :https://in.finance.yahoo.com/quote/NESTLEIND.NS/news?p=NESTLEIND.NS
Scraped :https://in.finance.yahoo.com/quote/NTPC.NS/news?p=NTPC.NS
Scraped :https://in.finance.yahoo.com/quote/MARUTI.NS/news?p=MARUTI.NS
Scraped :https://in.finance.yahoo.com/quote/BRITANNIA.NS/news?p=BRITANNIA.NS
Scraped :https://in.finance.yahoo.com/quote/TITAN.NS/news?p=TITAN.NS
Scraped :https://in.finance.yahoo.com/quote/COALINDIA.NS/news?p=COALINDIA.NS
Scraped :https://in.finance.yahoo.com/quote/ITC.NS/news?p=ITC.NS
Scraped :https://in.finance.yahoo.com/quote/WIPRO.NS/news?p=WIPRO.NS
Scraped :https://in.finance.yahoo.com/quote/RELIANCE.NS/news?p=RELIANCE.NS
Scraped :https://in.finance.yahoo.com/quote/CIPLA.NS/news?p=CIPLA.NS
Scraped :https://in.finance.yahoo.com/quote/HINDALCO.NS/news?p=HINDALCO.NS
Scraped :https://in.finance.yahoo.com/quote/TCS.NS/news?p=TCS.NS
Scraped :https://in.finance.yahoo.com/quote/SHREECEM.NS/news?p=SHREECEM.NS
Scraped :https://in.finance.yahoo.com/quote/BAJAJ-AUTO.NS/news?p=BAJAJ-AUTO.NS
Scraped :https://in.finance.yahoo.com/quote/TATASTEEL.NS/news?p=TATASTEEL.NS
Scraped :https://in.finance.yahoo.com/quote/BHARTIARTL.NS/news?p=BHARTIARTL.NS
Scraped :https://in.finance.yahoo.com/quote/TECHM.NS/news?p=TECHM.NS
Scraped :https://in.finance.yahoo.com/quote/ULTRACEMCO.NS/news?p=ULTRACEMCO.NS
Scraped :https://in.finance.yahoo.com/quote/INDUSINDBK.NS/news?p=INDUSINDBK.NS
Scraped :https://in.finance.yahoo.com/quote/LT.NS/news?p=LT.NS
Scraped :https://in.finance.yahoo.com/quote/HDFCLIFE.NS/news?p=HDFCLIFE.NS
Scraped :https://in.finance.yahoo.com/quote/BAJFINANCE.NS/news?p=BAJFINANCE.NS
Scraped :https://in.finance.yahoo.com/quote/ICICIBANK.NS/news?p=ICICIBANK.NS
Scraped :https://in.finance.yahoo.com/quote/GRASIM.NS/news?p=GRASIM.NS
Scraped :https://in.finance.yahoo.com/quote/MM.NS/news?p=MM.NS
Scraped :https://in.finance.yahoo.com/quote/GAIL.NS/news?p=GAIL.NS
Scraped :https://in.finance.yahoo.com/quote/BAJAJFINSV.NS/news?p=BAJAJFINSV.NS
Scraped :https://in.finance.yahoo.com/quote/KOTAKBANK.NS/news?p=KOTAKBANK.NS
Scraped :https://in.finance.yahoo.com/quote/HEROMOTOCO.NS/news?p=HEROMOTOCO.NS
Scraped :https://in.finance.yahoo.com/quote/ONGC.NS/news?p=ONGC.NS
Scraped :https://in.finance.yahoo.com/quote/NESTLEIND.NS/news?p=NESTLEIND.NS
Scraped :https://in.finance.yahoo.com/quote/NTPC.NS/news?p=NTPC.NS
Scraped :https://in.finance.yahoo.com/quote/MARUTI.NS/news?p=MARUTI.NS
Scraped :https://in.finance.yahoo.com/quote/BRITANNIA.NS/news?p=BRITANNIA.NS
Scraped :https://in.finance.yahoo.com/quote/TITAN.NS/news?p=TITAN.NS
Scraped :https://in.finance.yahoo.com/quote/COALINDIA.NS/news?p=COALINDIA.NS
Scraped :https://in.finance.yahoo.com/quote/ITC.NS/news?p=ITC.NS
Scraped :https://in.finance.yahoo.com/quote/WIPRO.NS/news?p=WIPRO.NS
Scraped :https://in.finance.yahoo.com/quote/RELIANCE.NS/news?p=RELIANCE.NS
Scraped :https://in.finance.yahoo.com/quote/CIPLA.NS/news?p=CIPLA.NS
Scraped :https://in.finance.yahoo.com/quote/HINDALCO.NS/news?p=HINDALCO.NS
Scraped :https://in.finance.yahoo.com/quote/TCS.NS/news?p=TCS.NS
Scraped :https://in.finance.yahoo.com/quote/SHREECEM.NS/news?p=SHREECEM.NS
Scraped :https://in.finance.yahoo.com/quote/BAJAJ-AUTO.NS/news?p=BAJAJ-AUTO.NS
Scraped :https://in.finance.yahoo.com/quote/TATASTEEL.NS/news?p=TATASTEEL.NS
Scraped :https://in.finance.yahoo.com/quote/BHARTIARTL.NS/news?p=BHARTIARTL.NS
Scraped :https://in.finance.yahoo.com/quote/TECHM.NS/news?p=TECHM.NS
Scraped :https://in.finance.yahoo.com/quote/ULTRACEMCO.NS/news?p=ULTRACEMCO.NS
Scraped :https://in.finance.yahoo.com/quote/INDUSINDBK.NS/news?p=INDUSINDBK.NS
Scraped :https://in.finance.yahoo.com/quote/LT.NS/news?p=LT.NS
Scraped :https://in.finance.yahoo.com/quote/HDFCLIFE.NS/news?p=HDFCLIFE.NS
Scraped :https://in.finance.yahoo.com/quote/BAJFINANCE.NS/news?p=BAJFINANCE.NS
Scraped :https://in.finance.yahoo.com/quote/ICICIBANK.NS/news?p=ICICIBANK.NS
Scraped :https://in.finance.yahoo.com/quote/GRASIM.NS/news?p=GRASIM.NS
Scraped :https://in.finance.yahoo.com/quote/MM.NS/news?p=MM.NS
Scraped :https://in.finance.yahoo.com/quote/GAIL.NS/news?p=GAIL.NS
Scraped :https://in.finance.yahoo.com/quote/BAJAJFINSV.NS/news?p=BAJAJFINSV.NS
Scraped :https://in.finance.yahoo.com/quote/KOTAKBANK.NS/news?p=KOTAKBANK.NS
Scraped :https://in.finance.yahoo.com/quote/HEROMOTOCO.NS/news?p=HEROMOTOCO.NS
Scraped :https://in.finance.yahoo.com/quote/ONGC.NS/news?p=ONGC.NS
Scraped :https://in.finance.yahoo.com/quote/NESTLEIND.NS/news?p=NESTLEIND.NS
Scraped :https://in.finance.yahoo.com/quote/NTPC.NS/news?p=NTPC.NS
Scraped :https://in.finance.yahoo.com/quote/MARUTI.NS/news?p=MARUTI.NS
Scraped :https://in.finance.yahoo.com/quote/BRITANNIA.NS/news?p=BRITANNIA.NS
Scraped :https://in.finance.yahoo.com/quote/TITAN.NS/news?p=TITAN.NS
Scraped :https://in.finance.yahoo.com/quote/COALINDIA.NS/news?p=COALINDIA.NS
Scraped :https://in.finance.yahoo.com/quote/ITC.NS/news?p=ITC.NS
Scraped :https://in.finance.yahoo.com/quote/WIPRO.NS/news?p=WIPRO.NS
Scraped :https://in.finance.yahoo.com/quote/RELIANCE.NS/news?p=RELIANCE.NS
Scraped :https://in.finance.yahoo.com/quote/CIPLA.NS/news?p=CIPLA.NS
Scraped :https://in.finance.yahoo.com/quote/HINDALCO.NS/news?p=HINDALCO.NS
Scraped :https://in.finance.yahoo.com/quote/TCS.NS/news?p=TCS.NS
Scraped :https://in.finance.yahoo.com/quote/SHREECEM.NS/news?p=SHREECEM.NS
Scraped :https://in.finance.yahoo.com/quote/BAJAJ-AUTO.NS/news?p=BAJAJ-AUTO.NS
Scraped :https://in.finance.yahoo.com/quote/TATASTEEL.NS/news?p=TATASTEEL.NS
Scraped :https://in.finance.yahoo.com/quote/BHARTIARTL.NS/news?p=BHARTIARTL.NS
Scraped :https://in.finance.yahoo.com/quote/TECHM.NS/news?p=TECHM.NS
Scraped :https://in.finance.yahoo.com/quote/ULTRACEMCO.NS/news?p=ULTRACEMCO.NS
Scraped :https://in.finance.yahoo.com/quote/INDUSINDBK.NS/news?p=INDUSINDBK.NS
Scraped :https://in.finance.yahoo.com/quote/LT.NS/news?p=LT.NS
Scraped :https://in.finance.yahoo.com/quote/HDFCLIFE.NS/news?p=HDFCLIFE.NS
Scraped :https://in.finance.yahoo.com/quote/BAJFINANCE.NS/news?p=BAJFINANCE.NS
Scraped :https://in.finance.yahoo.com/quote/ICICIBANK.NS/news?p=ICICIBANK.NS
Scraped :https://in.finance.yahoo.com/quote/GRASIM.NS/news?p=GRASIM.NS
Scraped :https://in.finance.yahoo.com/quote/MM.NS/news?p=MM.NS
Scraped :https://in.finance.yahoo.com/quote/GAIL.NS/news?p=GAIL.NS
Scraped :https://in.finance.yahoo.com/quote/BAJAJFINSV.NS/news?p=BAJAJFINSV.NS
Scraped :https://in.finance.yahoo.com/quote/KOTAKBANK.NS/news?p=KOTAKBANK.NS
Scraped :https://in.finance.yahoo.com/quote/HEROMOTOCO.NS/news?p=HEROMOTOCO.NS
Scraped :https://in.finance.yahoo.com/quote/ONGC.NS/news?p=ONGC.NS
Scraped :https://in.finance.yahoo.com/quote/NESTLEIND.NS/news?p=NESTLEIND.NS
Scraped :https://in.finance.yahoo.com/quote/NTPC.NS/news?p=NTPC.NS
Scraped :https://in.finance.yahoo.com/quote/MARUTI.NS/news?p=MARUTI.NS
Scraped :https://in.finance.yahoo.com/quote/BRITANNIA.NS/news?p=BRITANNIA.NS
Scraped :https://in.finance.yahoo.com/quote/TITAN.NS/news?p=TITAN.NS
Scraped :https://in.finance.yahoo.com/quote/COALINDIA.NS/news?p=COALINDIA.NS
Scraped :https://in.finance.yahoo.com/quote/ITC.NS/news?p=ITC.NS
Scraped :https://in.finance.yahoo.com/quote/WIPRO.NS/news?p=WIPRO.NS
Scraped :https://in.finance.yahoo.com/quote/RELIANCE.NS/news?p=RELIANCE.NS
Scraped :https://in.finance.yahoo.com/quote/CIPLA.NS/news?p=CIPLA.NS
Scraped :https://in.finance.yahoo.com/quote/HINDALCO.NS/news?p=HINDALCO.NS
Scraped :https://in.finance.yahoo.com/quote/TCS.NS/news?p=TCS.NS
Scraped :https://in.finance.yahoo.com/quote/SHREECEM.NS/news?p=SHREECEM.NS
Scraped :https://in.finance.yahoo.com/quote/BAJAJ-AUTO.NS/news?p=BAJAJ-AUTO.NS
Scraped :https://in.finance.yahoo.com/quote/TATASTEEL.NS/news?p=TATASTEEL.NS
Scraped :https://in.finance.yahoo.com/quote/BHARTIARTL.NS/news?p=BHARTIARTL.NS
Scraped :https://in.finance.yahoo.com/quote/TECHM.NS/news?p=TECHM.NS
Scraped :https://in.finance.yahoo.com/quote/ULTRACEMCO.NS/news?p=ULTRACEMCO.NS
Scraped :https://in.finance.yahoo.com/quote/INDUSINDBK.NS/news?p=INDUSINDBK.NS
Scraped :https://in.finance.yahoo.com/quote/LT.NS/news?p=LT.NS
Scraped :https://in.finance.yahoo.com/quote/HDFCLIFE.NS/news?p=HDFCLIFE.NS
Scraped :https://in.finance.yahoo.com/quote/BAJFINANCE.NS/news?p=BAJFINANCE.NS
Scraped :https://in.finance.yahoo.com/quote/ICICIBANK.NS/news?p=ICICIBANK.NS
Scraped :https://in.finance.yahoo.com/quote/GRASIM.NS/news?p=GRASIM.NS
Scraped :https://in.finance.yahoo.com/quote/MM.NS/news?p=MM.NS
Scraped :https://in.finance.yahoo.com/quote/GAIL.NS/news?p=GAIL.NS
Scraped :https://in.finance.yahoo.com/quote/BAJAJFINSV.NS/news?p=BAJAJFINSV.NS
Scraped :https://in.finance.yahoo.com/quote/KOTAKBANK.NS/news?p=KOTAKBANK.NS
Scraped :https://in.finance.yahoo.com/quote/HEROMOTOCO.NS/news?p=HEROMOTOCO.NS
Scraped :https://in.finance.yahoo.com/quote/ONGC.NS/news?p=ONGC.NS
Scraped :https://in.finance.yahoo.com/quote/NESTLEIND.NS/news?p=NESTLEIND.NS
Scraped :https://in.finance.yahoo.com/quote/NTPC.NS/news?p=NTPC.NS
Scraped :https://in.finance.yahoo.com/quote/MARUTI.NS/news?p=MARUTI.NS
Scraped :https://in.finance.yahoo.com/quote/BRITANNIA.NS/news?p=BRITANNIA.NS
Scraped :https://in.finance.yahoo.com/quote/TITAN.NS/news?p=TITAN.NS
Scraped :https://in.finance.yahoo.com/quote/COALINDIA.NS/news?p=COALINDIA.NS
Scraped :https://in.finance.yahoo.com/quote/ITC.NS/news?p=ITC.NS
Scraped :https://in.finance.yahoo.com/quote/WIPRO.NS/news?p=WIPRO.NS
Scraped :https://in.finance.yahoo.com/quote/RELIANCE.NS/news?p=RELIANCE.NS
Scraped :https://in.finance.yahoo.com/quote/CIPLA.NS/news?p=CIPLA.NS
Scraped :https://in.finance.yahoo.com/quote/HINDALCO.NS/news?p=HINDALCO.NS
Scraped :https://in.finance.yahoo.com/quote/TCS.NS/news?p=TCS.NS
Scraped :https://in.finance.yahoo.com/quote/SHREECEM.NS/news?p=SHREECEM.NS
Scraped :https://in.finance.yahoo.com/quote/BAJAJ-AUTO.NS/news?p=BAJAJ-AUTO.NS
Scraped :https://in.finance.yahoo.com/quote/TATASTEEL.NS/news?p=TATASTEEL.NS
Scraped :https://in.finance.yahoo.com/quote/BHARTIARTL.NS/news?p=BHARTIARTL.NS
Scraped :https://in.finance.yahoo.com/quote/TECHM.NS/news?p=TECHM.NS
Scraped :https://in.finance.yahoo.com/quote/ULTRACEMCO.NS/news?p=ULTRACEMCO.NS
Scraped :https://in.finance.yahoo.com/quote/INDUSINDBK.NS/news?p=INDUSINDBK.NS
Scraped :https://in.finance.yahoo.com/quote/LT.NS/news?p=LT.NS
Scraped :https://in.finance.yahoo.com/quote/HDFCLIFE.NS/news?p=HDFCLIFE.NS
Scraped :https://in.finance.yahoo.com/quote/BAJFINANCE.NS/news?p=BAJFINANCE.NS
Scraped :https://in.finance.yahoo.com/quote/ICICIBANK.NS/news?p=ICICIBANK.NS
Scraped :https://in.finance.yahoo.com/quote/GRASIM.NS/news?p=GRASIM.NS
Scraped :https://in.finance.yahoo.com/quote/MM.NS/news?p=MM.NS
Scraped :https://in.finance.yahoo.com/quote/GAIL.NS/news?p=GAIL.NS
Scraped :https://in.finance.yahoo.com/quote/BAJAJFINSV.NS/news?p=BAJAJFINSV.NS
Scraped :https://in.finance.yahoo.com/quote/KOTAKBANK.NS/news?p=KOTAKBANK.NS
Scraped :https://in.finance.yahoo.com/quote/HEROMOTOCO.NS/news?p=HEROMOTOCO.NS
Scraped :https://in.finance.yahoo.com/quote/ONGC.NS/news?p=ONGC.NS
Scraped :https://in.finance.yahoo.com/quote/NESTLEIND.NS/news?p=NESTLEIND.NS
Scraped :https://in.finance.yahoo.com/quote/NTPC.NS/news?p=NTPC.NS
Scraped :https://in.finance.yahoo.com/quote/MARUTI.NS/news?p=MARUTI.NS
Scraped :https://in.finance.yahoo.com/quote/BRITANNIA.NS/news?p=BRITANNIA.NS
Scraped :https://in.finance.yahoo.com/quote/TITAN.NS/news?p=TITAN.NS
Scraped :https://in.finance.yahoo.com/quote/COALINDIA.NS/news?p=COALINDIA.NS
Scraped :https://in.finance.yahoo.com/quote/ITC.NS/news?p=ITC.NS
Scraped :https://in.finance.yahoo.com/quote/WIPRO.NS/news?p=WIPRO.NS
Scraped :https://in.finance.yahoo.com/quote/RELIANCE.NS/news?p=RELIANCE.NS
Scraped :https://in.finance.yahoo.com/quote/CIPLA.NS/news?p=CIPLA.NS
Scraped :https://in.finance.yahoo.com/quote/HINDALCO.NS/news?p=HINDALCO.NS
Scraped :https://in.finance.yahoo.com/quote/TCS.NS/news?p=TCS.NS
Scraped :https://in.finance.yahoo.com/quote/SHREECEM.NS/news?p=SHREECEM.NS
Scraped :https://in.finance.yahoo.com/quote/BAJAJ-AUTO.NS/news?p=BAJAJ-AUTO.NS
Scraped :https://in.finance.yahoo.com/quote/TATASTEEL.NS/news?p=TATASTEEL.NS
Scraped :https://in.finance.yahoo.com/quote/BHARTIARTL.NS/news?p=BHARTIARTL.NS
Scraped :https://in.finance.yahoo.com/quote/TECHM.NS/news?p=TECHM.NS
Scraped :https://in.finance.yahoo.com/quote/ULTRACEMCO.NS/news?p=ULTRACEMCO.NS
Scraped :https://in.finance.yahoo.com/quote/INDUSINDBK.NS/news?p=INDUSINDBK.NS
Scraped :https://in.finance.yahoo.com/quote/LT.NS/news?p=LT.NS
Scraped :https://in.finance.yahoo.com/quote/HDFCLIFE.NS/news?p=HDFCLIFE.NS
Scraped :https://in.finance.yahoo.com/quote/BAJFINANCE.NS/news?p=BAJFINANCE.NS
Scraped :https://in.finance.yahoo.com/quote/ICICIBANK.NS/news?p=ICICIBANK.NS
Scraped :https://in.finance.yahoo.com/quote/GRASIM.NS/news?p=GRASIM.NS
Scraped :https://in.finance.yahoo.com/quote/MM.NS/news?p=MM.NS
Scraped :https://in.finance.yahoo.com/quote/GAIL.NS/news?p=GAIL.NS
Scraped :https://in.finance.yahoo.com/quote/BAJAJFINSV.NS/news?p=BAJAJFINSV.NS
Scraped :https://in.finance.yahoo.com/quote/KOTAKBANK.NS/news?p=KOTAKBANK.NS
Scraped :https://in.finance.yahoo.com/quote/HEROMOTOCO.NS/news?p=HEROMOTOCO.NS
Scraped :https://in.finance.yahoo.com/quote/ONGC.NS/news?p=ONGC.NS
Scraped :https://in.finance.yahoo.com/quote/NESTLEIND.NS/news?p=NESTLEIND.NS
Scraped :https://in.finance.yahoo.com/quote/NTPC.NS/news?p=NTPC.NS
Scraped :https://in.finance.yahoo.com/quote/MARUTI.NS/news?p=MARUTI.NS
Scraped :https://in.finance.yahoo.com/quote/BRITANNIA.NS/news?p=BRITANNIA.NS
Scraped :https://in.finance.yahoo.com/quote/TITAN.NS/news?p=TITAN.NS
Scraped :https://in.finance.yahoo.com/quote/COALINDIA.NS/news?p=COALINDIA.NS
Scraped :https://in.finance.yahoo.com/quote/ITC.NS/news?p=ITC.NS
Scraped :https://in.finance.yahoo.com/quote/WIPRO.NS/news?p=WIPRO.NS
Scraped :https://in.finance.yahoo.com/quote/RELIANCE.NS/news?p=RELIANCE.NS
Scraped :https://in.finance.yahoo.com/quote/CIPLA.NS/news?p=CIPLA.NS
Scraped :https://in.finance.yahoo.com/quote/HINDALCO.NS/news?p=HINDALCO.NS
Scraped :https://in.finance.yahoo.com/quote/TCS.NS/news?p=TCS.NS
Scraped :https://in.finance.yahoo.com/quote/SHREECEM.NS/news?p=SHREECEM.NS
Scraped :https://in.finance.yahoo.com/quote/BAJAJ-AUTO.NS/news?p=BAJAJ-AUTO.NS
Scraped :https://in.finance.yahoo.com/quote/TATASTEEL.NS/news?p=TATASTEEL.NS
Scraped :https://in.finance.yahoo.com/quote/BHARTIARTL.NS/news?p=BHARTIARTL.NS
Scraped :https://in.finance.yahoo.com/quote/TECHM.NS/news?p=TECHM.NS
Scraped :https://in.finance.yahoo.com/quote/ULTRACEMCO.NS/news?p=ULTRACEMCO.NS
Scraped :https://in.finance.yahoo.com/quote/INDUSINDBK.NS/news?p=INDUSINDBK.NS
Scraped :https://in.finance.yahoo.com/quote/LT.NS/news?p=LT.NS
Scraped :https://in.finance.yahoo.com/quote/HDFCLIFE.NS/news?p=HDFCLIFE.NS
Scraped :https://in.finance.yahoo.com/quote/BAJFINANCE.NS/news?p=BAJFINANCE.NS
Scraped :https://in.finance.yahoo.com/quote/ICICIBANK.NS/news?p=ICICIBANK.NS
Scraped :https://in.finance.yahoo.com/quote/GRASIM.NS/news?p=GRASIM.NS
Scraped :https://in.finance.yahoo.com/quote/MM.NS/news?p=MM.NS
Scraped :https://in.finance.yahoo.com/quote/GAIL.NS/news?p=GAIL.NS
Scraped :https://in.finance.yahoo.com/quote/BAJAJFINSV.NS/news?p=BAJAJFINSV.NS
Scraped :https://in.finance.yahoo.com/quote/KOTAKBANK.NS/news?p=KOTAKBANK.NS
Scraped :https://in.finance.yahoo.com/quote/HEROMOTOCO.NS/news?p=HEROMOTOCO.NS
Scraped :https://in.finance.yahoo.com/quote/ONGC.NS/news?p=ONGC.NS
Scraped :https://in.finance.yahoo.com/quote/NESTLEIND.NS/news?p=NESTLEIND.NS
Scraped :https://in.finance.yahoo.com/quote/NTPC.NS/news?p=NTPC.NS
Scraped :https://in.finance.yahoo.com/quote/MARUTI.NS/news?p=MARUTI.NS
Scraped :https://in.finance.yahoo.com/quote/BRITANNIA.NS/news?p=BRITANNIA.NS
Scraped :https://in.finance.yahoo.com/quote/TITAN.NS/news?p=TITAN.NS
Scraped :https://in.finance.yahoo.com/quote/COALINDIA.NS/news?p=COALINDIA.NS
Scraped :https://in.finance.yahoo.com/quote/ITC.NS/news?p=ITC.NS
Scraped :https://in.finance.yahoo.com/quote/WIPRO.NS/news?p=WIPRO.NS
Scraped :https://in.finance.yahoo.com/quote/RELIANCE.NS/news?p=RELIANCE.NS
Scraped :https://in.finance.yahoo.com/quote/CIPLA.NS/news?p=CIPLA.NS
Scraped :https://in.finance.yahoo.com/quote/HINDALCO.NS/news?p=HINDALCO.NS
Scraped :https://in.finance.yahoo.com/quote/TCS.NS/news?p=TCS.NS
Scraped :https://in.finance.yahoo.com/quote/SHREECEM.NS/news?p=SHREECEM.NS
Scraped :https://in.finance.yahoo.com/quote/BAJAJ-AUTO.NS/news?p=BAJAJ-AUTO.NS
Scraped :https://in.finance.yahoo.com/quote/TATASTEEL.NS/news?p=TATASTEEL.NS
Scraped :https://in.finance.yahoo.com/quote/BHARTIARTL.NS/news?p=BHARTIARTL.NS
Scraped :https://in.finance.yahoo.com/quote/TECHM.NS/news?p=TECHM.NS
Scraped :https://in.finance.yahoo.com/quote/ULTRACEMCO.NS/news?p=ULTRACEMCO.NS
Scraped :https://in.finance.yahoo.com/quote/INDUSINDBK.NS/news?p=INDUSINDBK.NS
Scraped :https://in.finance.yahoo.com/quote/LT.NS/news?p=LT.NS
Scraped :https://in.finance.yahoo.com/quote/HDFCLIFE.NS/news?p=HDFCLIFE.NS
Scraped :https://in.finance.yahoo.com/quote/BAJFINANCE.NS/news?p=BAJFINANCE.NS
Scraped :https://in.finance.yahoo.com/quote/ICICIBANK.NS/news?p=ICICIBANK.NS
Scraped :https://in.finance.yahoo.com/quote/GRASIM.NS/news?p=GRASIM.NS
Scraped :https://in.finance.yahoo.com/quote/MM.NS/news?p=MM.NS
Scraped :https://in.finance.yahoo.com/quote/GAIL.NS/news?p=GAIL.NS
Scraped :https://in.finance.yahoo.com/quote/BAJAJFINSV.NS/news?p=BAJAJFINSV.NS
Scraped :https://in.finance.yahoo.com/quote/KOTAKBANK.NS/news?p=KOTAKBANK.NS
Scraped :https://in.finance.yahoo.com/quote/HEROMOTOCO.NS/news?p=HEROMOTOCO.NS
Scraped :https://in.finance.yahoo.com/quote/ONGC.NS/news?p=ONGC.NS
Scraped :https://in.finance.yahoo.com/quote/NESTLEIND.NS/news?p=NESTLEIND.NS
Scraped :https://in.finance.yahoo.com/quote/NTPC.NS/news?p=NTPC.NS
Scraped :https://in.finance.yahoo.com/quote/MARUTI.NS/news?p=MARUTI.NS
Scraped :https://in.finance.yahoo.com/quote/BRITANNIA.NS/news?p=BRITANNIA.NS
Scraped :https://in.finance.yahoo.com/quote/TITAN.NS/news?p=TITAN.NS
Scraped :https://in.finance.yahoo.com/quote/COALINDIA.NS/news?p=COALINDIA.NS
Scraped :https://in.finance.yahoo.com/quote/ITC.NS/news?p=ITC.NS
Scraped :https://in.finance.yahoo.com/quote/WIPRO.NS/news?p=WIPRO.NS
Scraped :https://in.finance.yahoo.com/quote/RELIANCE.NS/news?p=RELIANCE.NS
Scraped :https://in.finance.yahoo.com/quote/CIPLA.NS/news?p=CIPLA.NS
Scraped :https://in.finance.yahoo.com/quote/HINDALCO.NS/news?p=HINDALCO.NS
Scraped :https://in.finance.yahoo.com/quote/TCS.NS/news?p=TCS.NS
Scraped :https://in.finance.yahoo.com/quote/SHREECEM.NS/news?p=SHREECEM.NS
Scraped :https://in.finance.yahoo.com/quote/BAJAJ-AUTO.NS/news?p=BAJAJ-AUTO.NS
Scraped :https://in.finance.yahoo.com/quote/TATASTEEL.NS/news?p=TATASTEEL.NS
Scraped :https://in.finance.yahoo.com/quote/BHARTIARTL.NS/news?p=BHARTIARTL.NS
Scraped :https://in.finance.yahoo.com/quote/TECHM.NS/news?p=TECHM.NS
Scraped :https://in.finance.yahoo.com/quote/ULTRACEMCO.NS/news?p=ULTRACEMCO.NS
Scraped :https://in.finance.yahoo.com/quote/INDUSINDBK.NS/news?p=INDUSINDBK.NS
Scraped :https://in.finance.yahoo.com/quote/LT.NS/news?p=LT.NS
Scraped :https://in.finance.yahoo.com/quote/HDFCLIFE.NS/news?p=HDFCLIFE.NS
Scraped :https://in.finance.yahoo.com/quote/BAJFINANCE.NS/news?p=BAJFINANCE.NS
Scraped :https://in.finance.yahoo.com/quote/ICICIBANK.NS/news?p=ICICIBANK.NS
Scraped :https://in.finance.yahoo.com/quote/GRASIM.NS/news?p=GRASIM.NS
Scraped :https://in.finance.yahoo.com/quote/MM.NS/news?p=MM.NS
Scraped :https://in.finance.yahoo.com/quote/GAIL.NS/news?p=GAIL.NS
Scraped :https://in.finance.yahoo.com/quote/BAJAJFINSV.NS/news?p=BAJAJFINSV.NS
Scraped :https://in.finance.yahoo.com/quote/KOTAKBANK.NS/news?p=KOTAKBANK.NS
Scraped :https://in.finance.yahoo.com/quote/HEROMOTOCO.NS/news?p=HEROMOTOCO.NS
Scraped :https://in.finance.yahoo.com/quote/ONGC.NS/news?p=ONGC.NS
Scraped :https://in.finance.yahoo.com/quote/NESTLEIND.NS/news?p=NESTLEIND.NS
Scraped :https://in.finance.yahoo.com/quote/NTPC.NS/news?p=NTPC.NS
Scraped :https://in.finance.yahoo.com/quote/MARUTI.NS/news?p=MARUTI.NS
Scraped :https://in.finance.yahoo.com/quote/BRITANNIA.NS/news?p=BRITANNIA.NS
Scraped :https://in.finance.yahoo.com/quote/TITAN.NS/news?p=TITAN.NS
Scraped :https://in.finance.yahoo.com/quote/COALINDIA.NS/news?p=COALINDIA.NS
Scraped :https://in.finance.yahoo.com/quote/ITC.NS/news?p=ITC.NS
Scraped :https://in.finance.yahoo.com/quote/WIPRO.NS/news?p=WIPRO.NS
Scraped :https://in.finance.yahoo.com/quote/RELIANCE.NS/news?p=RELIANCE.NS
Scraped :https://in.finance.yahoo.com/quote/CIPLA.NS/news?p=CIPLA.NS
Scraped :https://in.finance.yahoo.com/quote/HINDALCO.NS/news?p=HINDALCO.NS
Scraped :https://in.finance.yahoo.com/quote/TCS.NS/news?p=TCS.NS
Scraped :https://in.finance.yahoo.com/quote/SHREECEM.NS/news?p=SHREECEM.NS
Scraped :https://in.finance.yahoo.com/quote/BAJAJ-AUTO.NS/news?p=BAJAJ-AUTO.NS
Scraped :https://in.finance.yahoo.com/quote/TATASTEEL.NS/news?p=TATASTEEL.NS
Scraped :https://in.finance.yahoo.com/quote/BHARTIARTL.NS/news?p=BHARTIARTL.NS
Scraped :https://in.finance.yahoo.com/quote/TECHM.NS/news?p=TECHM.NS
Scraped :https://in.finance.yahoo.com/quote/ULTRACEMCO.NS/news?p=ULTRACEMCO.NS
Scraped :https://in.finance.yahoo.com/quote/INDUSINDBK.NS/news?p=INDUSINDBK.NS
Scraped :https://in.finance.yahoo.com/quote/LT.NS/news?p=LT.NS
Scraped :https://in.finance.yahoo.com/quote/HDFCLIFE.NS/news?p=HDFCLIFE.NS
Scraped :https://in.finance.yahoo.com/quote/BAJFINANCE.NS/news?p=BAJFINANCE.NS
Scraped :https://in.finance.yahoo.com/quote/ICICIBANK.NS/news?p=ICICIBANK.NS
Scraped :https://in.finance.yahoo.com/quote/GRASIM.NS/news?p=GRASIM.NS
Scraped :https://in.finance.yahoo.com/quote/MM.NS/news?p=MM.NS
Scraped :https://in.finance.yahoo.com/quote/GAIL.NS/news?p=GAIL.NS
Scraped :https://in.finance.yahoo.com/quote/BAJAJFINSV.NS/news?p=BAJAJFINSV.NS
Scraped :https://in.finance.yahoo.com/quote/KOTAKBANK.NS/news?p=KOTAKBANK.NS
Scraped :https://in.finance.yahoo.com/quote/HEROMOTOCO.NS/news?p=HEROMOTOCO.NS
Scraped :https://in.finance.yahoo.com/quote/ONGC.NS/news?p=ONGC.NS
